   1               		.file	"dat_scr.c"
   2               	__SREG__ = 0x3f
   3               	__SP_H__ = 0x3e
   4               	__SP_L__ = 0x3d
   5               	__CCP__  = 0x34
   6               	__tmp_reg__ = 0
   7               	__zero_reg__ = 1
  15               	.Ltext0:
  16               	.global	data_up
  18               	data_up:
  19               	.LFB4:
  20               	.LM1:
  21               	/* prologue: function */
  22               	/* frame size = 0 */
  23               	.LM2:
  24 0000 2091 0000 		lds r18,data_top
  25 0004 3091 0000 		lds r19,(data_top)+1
  26 0008 1216      		cp __zero_reg__,r18
  27 000a 1306      		cpc __zero_reg__,r19
  28 000c 04F4      		brge .L3
  29 000e 8091 0000 		lds r24,prohlizeny
  30 0012 8217      		cp r24,r18
  31 0014 00F4      		brsh .L3
  32               	.LM3:
  33 0016 8F5F      		subi r24,lo8(-(1))
  34 0018 8093 0000 		sts prohlizeny,r24
  35               	.L3:
  36 001c 0895      		ret
  37               	.LFE4:
  39               	.global	data_down
  41               	data_down:
  42               	.LFB5:
  43               	.LM4:
  44               	/* prologue: function */
  45               	/* frame size = 0 */
  46               	.LM5:
  47 001e 8091 0000 		lds r24,data_top
  48 0022 9091 0000 		lds r25,(data_top)+1
  49 0026 1816      		cp __zero_reg__,r24
  50 0028 1906      		cpc __zero_reg__,r25
  51 002a 04F4      		brge .L6
  52 002c 8091 0000 		lds r24,prohlizeny
  53 0030 8823      		tst r24
  54 0032 01F0      		breq .L6
  55               	.LM6:
  56 0034 8150      		subi r24,lo8(-(-1))
  57 0036 8093 0000 		sts prohlizeny,r24
  58               	.L6:
  59 003a 0895      		ret
  60               	.LFE5:
  62               	.global	data_scr_init
  64               	data_scr_init:
  65               	.LFB12:
  66               	.LM7:
  67               	/* prologue: function */
  68               	/* frame size = 0 */
  69               	/* epilogue start */
  70               	.LM8:
  71 003c 0895      		ret
  72               	.LFE12:
  75               	menu_close:
  76               	.LFB18:
  77               	.LM9:
  78 003e BF92      		push r11
  79 0040 CF92      		push r12
  80 0042 DF92      		push r13
  81 0044 EF92      		push r14
  82 0046 FF92      		push r15
  83 0048 0F93      		push r16
  84 004a 1F93      		push r17
  85               	/* prologue: function */
  86               	/* frame size = 0 */
  87               	.LM10:
  88 004c E091 0000 		lds r30,menu
  89 0050 F091 0000 		lds r31,(menu)+1
  90 0054 B580      		ldd r11,Z+5
  91               	.LVL0:
  92               	.LM11:
  93 0056 E091 0000 		lds r30,menu+2
  94 005a F091 0000 		lds r31,(menu+2)+1
  95 005e C580      		ldd r12,Z+5
  96               	.LVL1:
  97               	.LM12:
  98 0060 E091 0000 		lds r30,menu+4
  99 0064 F091 0000 		lds r31,(menu+4)+1
 100 0068 D580      		ldd r13,Z+5
 101               	.LM13:
 102 006a E091 0000 		lds r30,menu+6
 103 006e F091 0000 		lds r31,(menu+6)+1
 104 0072 0581      		ldd r16,Z+5
 105               	.LM14:
 106 0074 E091 0000 		lds r30,menu+8
 107 0078 F091 0000 		lds r31,(menu+8)+1
 108 007c 1581      		ldd r17,Z+5
 109               	.LM15:
 110 007e 8091 0000 		lds r24,prohlizeny
 111 0082 90E0      		ldi r25,lo8(0)
 112 0084 0E94 0000 		call r_record
 113               	.LM16:
 114 0088 A091 0000 		lds r26,menu+10
 115 008c B091 0000 		lds r27,(menu+10)+1
 116 0090 1396      		adiw r26,3
 117 0092 ED91      		ld r30,X+
 118 0094 FC91      		ld r31,X
 119 0096 1497      		sbiw r26,3+1
 120 0098 3097      		sbiw r30,0
 121 009a 01F0      		breq .L10
 122               	.LM17:
 123 009c 8081      		ld r24,Z
 124 009e 9181      		ldd r25,Z+1
 125 00a0 9093 0000 		sts (data_delka)+1,r25
 126 00a4 8093 0000 		sts data_delka,r24
 127               	.LM18:
 128 00a8 1496      		adiw r26,3+1
 129 00aa 1C92      		st X,__zero_reg__
 130 00ac 1E92      		st -X,__zero_reg__
 131 00ae 1397      		sbiw r26,3
 132               	.L10:
 133               	.LM19:
 134 00b0 A091 0000 		lds r26,menu+12
 135 00b4 B091 0000 		lds r27,(menu+12)+1
 136 00b8 1396      		adiw r26,3
 137 00ba ED91      		ld r30,X+
 138 00bc FC91      		ld r31,X
 139 00be 1497      		sbiw r26,3+1
 140 00c0 3097      		sbiw r30,0
 141 00c2 01F0      		breq .L11
 142               	.LM20:
 143 00c4 8081      		ld r24,Z
 144 00c6 9181      		ldd r25,Z+1
 145 00c8 9093 0000 		sts (data_prumer)+1,r25
 146 00cc 8093 0000 		sts data_prumer,r24
 147               	.LM21:
 148 00d0 1496      		adiw r26,3+1
 149 00d2 1C92      		st X,__zero_reg__
 150 00d4 1E92      		st -X,__zero_reg__
 151 00d6 1397      		sbiw r26,3
 152               	.L11:
 153               	.LM22:
 154 00d8 81E0      		ldi r24,lo8(1)
 155 00da D822      		and r13,r24
 156 00dc DD0C      		lsl r13
 157 00de DD0C      		lsl r13
 158 00e0 DD0C      		lsl r13
 159 00e2 1170      		andi r17,lo8(1)
 160 00e4 D12A      		or r13,r17
 161 00e6 802F      		mov r24,r16
 162 00e8 90E0      		ldi r25,lo8(0)
 163 00ea 8370      		andi r24,lo8(3)
 164 00ec 9070      		andi r25,hi8(3)
 165 00ee 880F      		lsl r24
 166 00f0 991F      		rol r25
 167 00f2 D82A      		or r13,r24
 168               	.LM23:
 169 00f4 0091 0000 		lds r16,data_delka
 170 00f8 1091 0000 		lds r17,(data_delka)+1
 171 00fc E090 0000 		lds r14,data_prumer
 172 0100 F090 0000 		lds r15,(data_prumer)+1
 173 0104 8091 0000 		lds r24,prohlizeny
 174 0108 90E0      		ldi r25,lo8(0)
 175 010a 6B2D      		mov r22,r11
 176 010c 4C2D      		mov r20,r12
 177 010e 2D2D      		mov r18,r13
 178 0110 0E94 0000 		call w_record
 179               	.LM24:
 180 0114 1092 0000 		sts dat_scr_status,__zero_reg__
 181               	.LM25:
 182 0118 E091 0000 		lds r30,menu
 183 011c F091 0000 		lds r31,(menu)+1
 184 0120 8181      		ldd r24,Z+1
 185 0122 90E0      		ldi r25,lo8(0)
 186 0124 60E0      		ldi r22,lo8(0)
 187 0126 70E0      		ldi r23,hi8(0)
 188 0128 4FEF      		ldi r20,lo8(-1)
 189 012a 0E94 0000 		call printcxyd
 190               	.LM26:
 191 012e A091 0000 		lds r26,menu
 192 0132 B091 0000 		lds r27,(menu)+1
 193 0136 E091 0000 		lds r30,menu_i
 194 013a F0E0      		ldi r31,lo8(0)
 195 013c EE0F      		lsl r30
 196 013e FF1F      		rol r31
 197 0140 E050      		subi r30,lo8(-(menu))
 198 0142 F040      		sbci r31,hi8(-(menu))
 199 0144 0190      		ld __tmp_reg__,Z+
 200 0146 F081      		ld r31,Z
 201 0148 E02D      		mov r30,__tmp_reg__
 202 014a 6081      		ld r22,Z
 203 014c 70E0      		ldi r23,lo8(0)
 204 014e 6150      		subi r22,lo8(-(-1))
 205 0150 7040      		sbci r23,hi8(-(-1))
 206 0152 1196      		adiw r26,1
 207 0154 8C91      		ld r24,X
 208 0156 90E0      		ldi r25,lo8(0)
 209 0158 40E2      		ldi r20,lo8(32)
 210 015a 0E94 0000 		call printcxyd
 211               	/* epilogue start */
 212               	.LM27:
 213 015e 1F91      		pop r17
 214 0160 0F91      		pop r16
 215 0162 FF90      		pop r15
 216 0164 EF90      		pop r14
 217 0166 DF90      		pop r13
 218 0168 CF90      		pop r12
 219               	.LVL2:
 220 016a BF90      		pop r11
 221               	.LVL3:
 222 016c 0895      		ret
 223               	.LFE18:
 225               	.global	data_scr_close
 227               	data_scr_close:
 228               	.LFB14:
 229               	.LM28:
 230 016e CF93      		push r28
 231 0170 DF93      		push r29
 232               	/* prologue: function */
 233               	/* frame size = 0 */
 234               	.LM29:
 235 0172 8091 0000 		lds r24,m_drevo
 236 0176 9091 0000 		lds r25,(m_drevo)+1
 237 017a 0E94 0000 		call free
 238               	.LM30:
 239 017e 8091 0000 		lds r24,m_drevo+2
 240 0182 9091 0000 		lds r25,(m_drevo+2)+1
 241 0186 0E94 0000 		call free
 242               	.LM31:
 243 018a 8091 0000 		lds r24,m_drevo+4
 244 018e 9091 0000 		lds r25,(m_drevo+4)+1
 245 0192 0E94 0000 		call free
 246               	.LM32:
 247 0196 8091 0000 		lds r24,m_drevo+6
 248 019a 9091 0000 		lds r25,(m_drevo+6)+1
 249 019e 0E94 0000 		call free
 250               	.LM33:
 251 01a2 8091 0000 		lds r24,m_drevo+8
 252 01a6 9091 0000 		lds r25,(m_drevo+8)+1
 253 01aa 0E94 0000 		call free
 254               	.LM34:
 255 01ae 8091 0000 		lds r24,m_katrem
 256 01b2 9091 0000 		lds r25,(m_katrem)+1
 257 01b6 0E94 0000 		call free
 258               	.LM35:
 259 01ba 8091 0000 		lds r24,m_katrem+2
 260 01be 9091 0000 		lds r25,(m_katrem+2)+1
 261 01c2 0E94 0000 		call free
 262               	.LM36:
 263 01c6 8091 0000 		lds r24,m_dalsi+2
 264 01ca 9091 0000 		lds r25,(m_dalsi+2)+1
 265 01ce 0E94 0000 		call free
 266               	.LM37:
 267 01d2 8091 0000 		lds r24,m_dalsi+4
 268 01d6 9091 0000 		lds r25,(m_dalsi+4)+1
 269 01da 0E94 0000 		call free
 270               	.LM38:
 271 01de 8091 0000 		lds r24,m_manipulace+2
 272 01e2 9091 0000 		lds r25,(m_manipulace+2)+1
 273 01e6 0E94 0000 		call free
 274 01ea C0E0      		ldi r28,lo8(menu)
 275 01ec D0E0      		ldi r29,hi8(menu)
 276               	.L14:
 277               	.LM39:
 278 01ee 8881      		ld r24,Y
 279 01f0 9981      		ldd r25,Y+1
 280 01f2 0E94 0000 		call free
 281               	.LM40:
 282 01f6 1992      		st Y+,__zero_reg__
 283 01f8 1992      		st Y+,__zero_reg__
 284               	.LM41:
 285 01fa 80E0      		ldi r24,hi8(menu+14)
 286 01fc C030      		cpi r28,lo8(menu+14)
 287 01fe D807      		cpc r29,r24
 288 0200 01F4      		brne .L14
 289               	.LM42:
 290 0202 8091 0000 		lds r24,dat_scr_status
 291 0206 8130      		cpi r24,lo8(1)
 292 0208 01F0      		breq .L16
 293 020a 8130      		cpi r24,lo8(1)
 294 020c 00F0      		brlo .L18
 295 020e 8350      		subi r24,lo8(-(-3))
 296 0210 8230      		cpi r24,lo8(2)
 297 0212 00F4      		brsh .L18
 298 0214 00C0      		rjmp .L22
 299               	.L16:
 300               	.LM43:
 301 0216 0E94 0000 		call menu_close
 302 021a 00C0      		rjmp .L21
 303               	.L22:
 304               	.LM44:
 305 021c 0E94 0000 		call read_line_kill
 306               	.L21:
 307               	.LM45:
 308 0220 1092 0000 		sts dat_scr_status,__zero_reg__
 309               	.L18:
 310               	/* epilogue start */
 311               	.LM46:
 312 0224 DF91      		pop r29
 313 0226 CF91      		pop r28
 314 0228 0895      		ret
 315               	.LFE14:
 317               	.global	data_scr_open
 319               	data_scr_open:
 320               	.LFB13:
 321               	.LM47:
 322 022a CF93      		push r28
 323 022c DF93      		push r29
 324               	/* prologue: function */
 325               	/* frame size = 0 */
 326               	.LM48:
 327 022e 80E0      		ldi r24,lo8(smrk)
 328 0230 90E0      		ldi r25,hi8(smrk)
 329 0232 0E94 0000 		call getstr_P
 330 0236 9093 0000 		sts (m_drevo)+1,r25
 331 023a 8093 0000 		sts m_drevo,r24
 332               	.LM49:
 333 023e 80E0      		ldi r24,lo8(boro_k)
 334 0240 90E0      		ldi r25,hi8(boro_k)
 335 0242 0E94 0000 		call getstr_P
 336 0246 9093 0000 		sts (m_drevo+2)+1,r25
 337 024a 8093 0000 		sts m_drevo+2,r24
 338               	.LM50:
 339 024e 80E0      		ldi r24,lo8(boro_b)
 340 0250 90E0      		ldi r25,hi8(boro_b)
 341 0252 0E94 0000 		call getstr_P
 342 0256 9093 0000 		sts (m_drevo+4)+1,r25
 343 025a 8093 0000 		sts m_drevo+4,r24
 344               	.LM51:
 345 025e 80E0      		ldi r24,lo8(buk)
 346 0260 90E0      		ldi r25,hi8(buk)
 347 0262 0E94 0000 		call getstr_P
 348 0266 9093 0000 		sts (m_drevo+6)+1,r25
 349 026a 8093 0000 		sts m_drevo+6,r24
 350               	.LM52:
 351 026e 80E0      		ldi r24,lo8(dub)
 352 0270 90E0      		ldi r25,hi8(dub)
 353 0272 0E94 0000 		call getstr_P
 354 0276 9093 0000 		sts (m_drevo+8)+1,r25
 355 027a 8093 0000 		sts m_drevo+8,r24
 356               	.LM53:
 357 027e 80E0      		ldi r24,lo8(n1)
 358 0280 90E0      		ldi r25,hi8(n1)
 359 0282 0E94 0000 		call getstr_P
 360 0286 9093 0000 		sts (m_katrem)+1,r25
 361 028a 8093 0000 		sts m_katrem,r24
 362               	.LM54:
 363 028e 80E0      		ldi r24,lo8(n2)
 364 0290 90E0      		ldi r25,hi8(n2)
 365 0292 0E94 0000 		call getstr_P
 366 0296 9093 0000 		sts (m_katrem+2)+1,r25
 367 029a 8093 0000 		sts m_katrem+2,r24
 368               	.LM55:
 369 029e 80E0      		ldi r24,lo8(ctyr)
 370 02a0 90E0      		ldi r25,hi8(ctyr)
 371 02a2 0E94 0000 		call getstr_P
 372 02a6 9093 0000 		sts (m_dalsi+2)+1,r25
 373 02aa 8093 0000 		sts m_dalsi+2,r24
 374               	.LM56:
 375 02ae 80E0      		ldi r24,lo8(paso)
 376 02b0 90E0      		ldi r25,hi8(paso)
 377 02b2 0E94 0000 		call getstr_P
 378 02b6 9093 0000 		sts (m_dalsi+4)+1,r25
 379 02ba 8093 0000 		sts m_dalsi+4,r24
 380               	.LM57:
 381 02be 80E0      		ldi r24,lo8(man)
 382 02c0 90E0      		ldi r25,hi8(man)
 383 02c2 0E94 0000 		call getstr_P
 384 02c6 9093 0000 		sts (m_manipulace+2)+1,r25
 385 02ca 8093 0000 		sts m_manipulace+2,r24
 386 02ce C0E0      		ldi r28,lo8(menu)
 387 02d0 D0E0      		ldi r29,hi8(menu)
 388               	.L24:
 389               	.LM58:
 390 02d2 0E94 0000 		call new_menu_item
 391 02d6 FC01      		movw r30,r24
 392 02d8 9983      		std Y+1,r25
 393 02da 8883      		st Y,r24
 394               	.LM59:
 395 02dc 1182      		std Z+1,__zero_reg__
 396               	.LM60:
 397 02de E991      		ld r30,Y+
 398 02e0 F991      		ld r31,Y+
 399 02e2 1582      		std Z+5,__zero_reg__
 400               	.LM61:
 401 02e4 80E0      		ldi r24,hi8(menu+14)
 402 02e6 C030      		cpi r28,lo8(menu+14)
 403 02e8 D807      		cpc r29,r24
 404 02ea 01F4      		brne .L24
 405               	.LM62:
 406 02ec E091 0000 		lds r30,menu
 407 02f0 F091 0000 		lds r31,(menu)+1
 408 02f4 25E0      		ldi r18,lo8(5)
 409 02f6 2083      		st Z,r18
 410               	.LM63:
 411 02f8 E091 0000 		lds r30,menu
 412 02fc F091 0000 		lds r31,(menu)+1
 413 0300 80E0      		ldi r24,lo8(m_jmena)
 414 0302 90E0      		ldi r25,hi8(m_jmena)
 415 0304 9483      		std Z+4,r25
 416 0306 8383      		std Z+3,r24
 417               	.LM64:
 418 0308 80E1      		ldi r24,lo8(16)
 419 030a 8283      		std Z+2,r24
 420               	.LM65:
 421 030c E091 0000 		lds r30,menu+2
 422 0310 F091 0000 		lds r31,(menu+2)+1
 423 0314 8EE0      		ldi r24,lo8(14)
 424 0316 8083      		st Z,r24
 425               	.LM66:
 426 0318 E091 0000 		lds r30,menu+2
 427 031c F091 0000 		lds r31,(menu+2)+1
 428 0320 80E0      		ldi r24,lo8(m_drevo)
 429 0322 90E0      		ldi r25,hi8(m_drevo)
 430 0324 9483      		std Z+4,r25
 431 0326 8383      		std Z+3,r24
 432               	.LM67:
 433 0328 2283      		std Z+2,r18
 434               	.LM68:
 435 032a E091 0000 		lds r30,menu+4
 436 032e F091 0000 		lds r31,(menu+4)+1
 437 0332 83E1      		ldi r24,lo8(19)
 438 0334 8083      		st Z,r24
 439               	.LM69:
 440 0336 E091 0000 		lds r30,menu+4
 441 033a F091 0000 		lds r31,(menu+4)+1
 442 033e 80E0      		ldi r24,lo8(m_katrem)
 443 0340 90E0      		ldi r25,hi8(m_katrem)
 444 0342 9483      		std Z+4,r25
 445 0344 8383      		std Z+3,r24
 446               	.LM70:
 447 0346 22E0      		ldi r18,lo8(2)
 448 0348 2283      		std Z+2,r18
 449               	.LM71:
 450 034a E091 0000 		lds r30,menu+6
 451 034e F091 0000 		lds r31,(menu+6)+1
 452 0352 85E1      		ldi r24,lo8(21)
 453 0354 8083      		st Z,r24
 454               	.LM72:
 455 0356 E091 0000 		lds r30,menu+6
 456 035a F091 0000 		lds r31,(menu+6)+1
 457 035e 80E0      		ldi r24,lo8(m_dalsi)
 458 0360 90E0      		ldi r25,hi8(m_dalsi)
 459 0362 9483      		std Z+4,r25
 460 0364 8383      		std Z+3,r24
 461               	.LM73:
 462 0366 83E0      		ldi r24,lo8(3)
 463 0368 8283      		std Z+2,r24
 464               	.LM74:
 465 036a E091 0000 		lds r30,menu+8
 466 036e F091 0000 		lds r31,(menu+8)+1
 467 0372 8AE1      		ldi r24,lo8(26)
 468 0374 8083      		st Z,r24
 469               	.LM75:
 470 0376 E091 0000 		lds r30,menu+8
 471 037a F091 0000 		lds r31,(menu+8)+1
 472 037e 80E0      		ldi r24,lo8(m_manipulace)
 473 0380 90E0      		ldi r25,hi8(m_manipulace)
 474 0382 9483      		std Z+4,r25
 475 0384 8383      		std Z+3,r24
 476               	.LM76:
 477 0386 2283      		std Z+2,r18
 478               	.LM77:
 479 0388 E091 0000 		lds r30,menu+10
 480 038c F091 0000 		lds r31,(menu+10)+1
 481 0390 8EE1      		ldi r24,lo8(30)
 482 0392 8083      		st Z,r24
 483               	.LM78:
 484 0394 E091 0000 		lds r30,menu+10
 485 0398 F091 0000 		lds r31,(menu+10)+1
 486 039c 1482      		std Z+4,__zero_reg__
 487 039e 1382      		std Z+3,__zero_reg__
 488               	.LM79:
 489 03a0 1282      		std Z+2,__zero_reg__
 490               	.LM80:
 491 03a2 E091 0000 		lds r30,menu+12
 492 03a6 F091 0000 		lds r31,(menu+12)+1
 493 03aa 84E2      		ldi r24,lo8(36)
 494 03ac 8083      		st Z,r24
 495               	.LM81:
 496 03ae E091 0000 		lds r30,menu+12
 497 03b2 F091 0000 		lds r31,(menu+12)+1
 498 03b6 1482      		std Z+4,__zero_reg__
 499 03b8 1382      		std Z+3,__zero_reg__
 500               	.LM82:
 501 03ba 1282      		std Z+2,__zero_reg__
 502               	.LM83:
 503 03bc 8091 0000 		lds r24,data_top
 504 03c0 9091 0000 		lds r25,(data_top)+1
 505 03c4 1816      		cp __zero_reg__,r24
 506 03c6 1906      		cpc __zero_reg__,r25
 507 03c8 04F4      		brge .L25
 508               	.LM84:
 509 03ca 8150      		subi r24,lo8(-(-1))
 510 03cc 8093 0000 		sts prohlizeny,r24
 511 03d0 00C0      		rjmp .L27
 512               	.L25:
 513               	.LM85:
 514 03d2 1092 0000 		sts prohlizeny,__zero_reg__
 515               	.L27:
 516               	/* epilogue start */
 517               	.LM86:
 518 03d6 DF91      		pop r29
 519 03d8 CF91      		pop r28
 520 03da 0895      		ret
 521               	.LFE13:
 524               	vykresli_radek:
 525               	.LFB16:
 526               	.LM87:
 527               	.LVL4:
 528 03dc EF92      		push r14
 529 03de FF92      		push r15
 530 03e0 1F93      		push r17
 531               	/* prologue: function */
 532               	/* frame size = 0 */
 533 03e2 482F      		mov r20,r24
 534 03e4 162F      		mov r17,r22
 535               	.LM88:
 536 03e6 E0E0      		ldi r30,lo8(str_buf)
 537 03e8 EE2E      		mov r14,r30
 538 03ea E0E0      		ldi r30,hi8(str_buf)
 539 03ec FE2E      		mov r15,r30
 540 03ee 80E2      		ldi r24,lo8(32)
 541               	.LVL5:
 542 03f0 8093 0000 		sts str_buf,r24
 543               	.LM89:
 544 03f4 C701      		movw r24,r14
 545 03f6 63E0      		ldi r22,lo8(3)
 546 03f8 70E0      		ldi r23,hi8(3)
 547               	.LVL6:
 548 03fa 50E0      		ldi r21,lo8(0)
 549 03fc 0E94 0000 		call int2strn
 550               	.LVL7:
 551 0400 AC01      		movw r20,r24
 552 0402 812F      		mov r24,r17
 553 0404 90E0      		ldi r25,lo8(0)
 554 0406 61E0      		ldi r22,lo8(1)
 555 0408 70E0      		ldi r23,hi8(1)
 556 040a 0E94 0000 		call printxyd
 557               	.LM90:
 558 040e E091 0000 		lds r30,data_zakaznik
 559 0412 F0E0      		ldi r31,lo8(0)
 560 0414 EE0F      		lsl r30
 561 0416 FF1F      		rol r31
 562 0418 E050      		subi r30,lo8(-(m_jmena))
 563 041a F040      		sbci r31,hi8(-(m_jmena))
 564 041c 4081      		ld r20,Z
 565 041e 5181      		ldd r21,Z+1
 566 0420 812F      		mov r24,r17
 567 0422 90E0      		ldi r25,lo8(0)
 568 0424 65E0      		ldi r22,lo8(5)
 569 0426 70E0      		ldi r23,hi8(5)
 570 0428 0E94 0000 		call printxyd
 571               	.LM91:
 572 042c E091 0000 		lds r30,data_druh_dreva
 573 0430 F0E0      		ldi r31,lo8(0)
 574 0432 EE0F      		lsl r30
 575 0434 FF1F      		rol r31
 576 0436 E050      		subi r30,lo8(-(m_drevo))
 577 0438 F040      		sbci r31,hi8(-(m_drevo))
 578 043a 4081      		ld r20,Z
 579 043c 5181      		ldd r21,Z+1
 580 043e 812F      		mov r24,r17
 581 0440 90E0      		ldi r25,lo8(0)
 582 0442 6EE0      		ldi r22,lo8(14)
 583 0444 70E0      		ldi r23,hi8(14)
 584 0446 0E94 0000 		call printxyd
 585               	.LM92:
 586 044a E091 0000 		lds r30,data_operace
 587 044e E695      		lsr r30
 588 0450 E695      		lsr r30
 589 0452 E695      		lsr r30
 590 0454 F0E0      		ldi r31,lo8(0)
 591 0456 E170      		andi r30,lo8(1)
 592 0458 F070      		andi r31,hi8(1)
 593 045a EE0F      		lsl r30
 594 045c FF1F      		rol r31
 595 045e E050      		subi r30,lo8(-(m_katrem))
 596 0460 F040      		sbci r31,hi8(-(m_katrem))
 597 0462 4081      		ld r20,Z
 598 0464 5181      		ldd r21,Z+1
 599 0466 812F      		mov r24,r17
 600 0468 90E0      		ldi r25,lo8(0)
 601 046a 63E1      		ldi r22,lo8(19)
 602 046c 70E0      		ldi r23,hi8(19)
 603 046e 0E94 0000 		call printxyd
 604               	.LM93:
 605 0472 E091 0000 		lds r30,data_operace
 606 0476 E695      		lsr r30
 607 0478 F0E0      		ldi r31,lo8(0)
 608 047a E370      		andi r30,lo8(3)
 609 047c F070      		andi r31,hi8(3)
 610 047e EE0F      		lsl r30
 611 0480 FF1F      		rol r31
 612 0482 E050      		subi r30,lo8(-(m_dalsi))
 613 0484 F040      		sbci r31,hi8(-(m_dalsi))
 614 0486 4081      		ld r20,Z
 615 0488 5181      		ldd r21,Z+1
 616 048a 812F      		mov r24,r17
 617 048c 90E0      		ldi r25,lo8(0)
 618 048e 65E1      		ldi r22,lo8(21)
 619 0490 70E0      		ldi r23,hi8(21)
 620 0492 0E94 0000 		call printxyd
 621               	.LM94:
 622 0496 E091 0000 		lds r30,data_operace
 623 049a F0E0      		ldi r31,lo8(0)
 624 049c E170      		andi r30,lo8(1)
 625 049e F070      		andi r31,hi8(1)
 626 04a0 EE0F      		lsl r30
 627 04a2 FF1F      		rol r31
 628 04a4 E050      		subi r30,lo8(-(m_manipulace))
 629 04a6 F040      		sbci r31,hi8(-(m_manipulace))
 630 04a8 4081      		ld r20,Z
 631 04aa 5181      		ldd r21,Z+1
 632 04ac 812F      		mov r24,r17
 633 04ae 90E0      		ldi r25,lo8(0)
 634 04b0 6AE1      		ldi r22,lo8(26)
 635 04b2 70E0      		ldi r23,hi8(26)
 636 04b4 0E94 0000 		call printxyd
 637               	.LM95:
 638 04b8 8091 0000 		lds r24,data_delka
 639 04bc 9091 0000 		lds r25,(data_delka)+1
 640 04c0 64E6      		ldi r22,lo8(100)
 641 04c2 70E0      		ldi r23,hi8(100)
 642 04c4 0E94 0000 		call __udivmodhi4
 643 04c8 AB01      		movw r20,r22
 644 04ca C701      		movw r24,r14
 645 04cc 62E0      		ldi r22,lo8(2)
 646 04ce 70E0      		ldi r23,hi8(2)
 647 04d0 0E94 0000 		call int2strn
 648 04d4 AC01      		movw r20,r24
 649 04d6 812F      		mov r24,r17
 650 04d8 90E0      		ldi r25,lo8(0)
 651 04da 6EE1      		ldi r22,lo8(30)
 652 04dc 70E0      		ldi r23,hi8(30)
 653 04de 0E94 0000 		call printxyd
 654               	.LM96:
 655 04e2 812F      		mov r24,r17
 656 04e4 90E0      		ldi r25,lo8(0)
 657 04e6 60E2      		ldi r22,lo8(32)
 658 04e8 70E0      		ldi r23,hi8(32)
 659 04ea 4EE2      		ldi r20,lo8(46)
 660 04ec 0E94 0000 		call printcxyd
 661               	.LM97:
 662 04f0 80E3      		ldi r24,lo8(48)
 663 04f2 8093 0000 		sts str_buf,r24
 664               	.LM98:
 665 04f6 8091 0000 		lds r24,data_delka
 666 04fa 9091 0000 		lds r25,(data_delka)+1
 667 04fe 64E6      		ldi r22,lo8(100)
 668 0500 70E0      		ldi r23,hi8(100)
 669 0502 0E94 0000 		call __udivmodhi4
 670 0506 AC01      		movw r20,r24
 671 0508 C701      		movw r24,r14
 672 050a 62E0      		ldi r22,lo8(2)
 673 050c 70E0      		ldi r23,hi8(2)
 674 050e 0E94 0000 		call int2strn
 675 0512 AC01      		movw r20,r24
 676 0514 812F      		mov r24,r17
 677 0516 90E0      		ldi r25,lo8(0)
 678 0518 61E2      		ldi r22,lo8(33)
 679 051a 70E0      		ldi r23,hi8(33)
 680 051c 0E94 0000 		call printxyd
 681               	.LM99:
 682 0520 8091 0000 		lds r24,data_prumer
 683 0524 9091 0000 		lds r25,(data_prumer)+1
 684 0528 6AE0      		ldi r22,lo8(10)
 685 052a 70E0      		ldi r23,hi8(10)
 686 052c 0E94 0000 		call __udivmodhi4
 687 0530 AB01      		movw r20,r22
 688 0532 C701      		movw r24,r14
 689 0534 62E0      		ldi r22,lo8(2)
 690 0536 70E0      		ldi r23,hi8(2)
 691 0538 0E94 0000 		call int2strn
 692 053c AC01      		movw r20,r24
 693 053e 812F      		mov r24,r17
 694 0540 90E0      		ldi r25,lo8(0)
 695 0542 64E2      		ldi r22,lo8(36)
 696 0544 70E0      		ldi r23,hi8(36)
 697 0546 0E94 0000 		call printxyd
 698               	.LM100:
 699 054a 812F      		mov r24,r17
 700 054c 90E0      		ldi r25,lo8(0)
 701 054e 66E2      		ldi r22,lo8(38)
 702 0550 70E0      		ldi r23,hi8(38)
 703 0552 4EE2      		ldi r20,lo8(46)
 704 0554 0E94 0000 		call printcxyd
 705               	.LM101:
 706 0558 8091 0000 		lds r24,data_prumer
 707 055c 9091 0000 		lds r25,(data_prumer)+1
 708 0560 6AE0      		ldi r22,lo8(10)
 709 0562 70E0      		ldi r23,hi8(10)
 710 0564 0E94 0000 		call __udivmodhi4
 711 0568 482F      		mov r20,r24
 712 056a 405D      		subi r20,lo8(-(48))
 713 056c 812F      		mov r24,r17
 714 056e 90E0      		ldi r25,lo8(0)
 715 0570 67E2      		ldi r22,lo8(39)
 716 0572 70E0      		ldi r23,hi8(39)
 717 0574 0E94 0000 		call printcxyd
 718               	/* epilogue start */
 719               	.LM102:
 720 0578 1F91      		pop r17
 721               	.LVL8:
 722 057a FF90      		pop r15
 723 057c EF90      		pop r14
 724 057e 0895      		ret
 725               	.LFE16:
 727               	.global	data_scr_draw
 729               	data_scr_draw:
 730               	.LFB3:
 731               	.LM103:
 732 0580 0F93      		push r16
 733 0582 1F93      		push r17
 734 0584 CF93      		push r28
 735 0586 DF93      		push r29
 736               	/* prologue: function */
 737               	/* frame size = 0 */
 738               	.LM104:
 739 0588 8091 0000 		lds r24,akt_scr
 740 058c 8430      		cpi r24,lo8(4)
 741 058e 01F0      		breq .L32
 742               	.LM105:
 743 0590 8091 0000 		lds r24,data_top
 744 0594 8150      		subi r24,lo8(-(-1))
 745 0596 8093 0000 		sts prohlizeny,r24
 746               	.LM106:
 747 059a 84E0      		ldi r24,lo8(4)
 748 059c 8093 0000 		sts akt_scr,r24
 749               	.L32:
 750               	.LBB16:
 751               	.LBB17:
 752               	.LM107:
 753 05a0 0E94 0000 		call clear_dscreen
 754               	.LM108:
 755 05a4 1091 0000 		lds r17,prohlizeny
 756               	.LVL9:
 757 05a8 1430      		cpi r17,lo8(4)
 758 05aa 00F4      		brsh .L33
 759               	.LM109:
 760 05ac 83E0      		ldi r24,lo8(3)
 761 05ae 90E0      		ldi r25,hi8(3)
 762 05b0 811B      		sub r24,r17
 763 05b2 9109      		sbc r25,__zero_reg__
 764 05b4 60E0      		ldi r22,lo8(0)
 765 05b6 70E0      		ldi r23,hi8(0)
 766 05b8 4FEF      		ldi r20,lo8(-1)
 767 05ba 0E94 0000 		call printcxyd
 768 05be 13E0      		ldi r17,lo8(3)
 769 05c0 00C0      		rjmp .L34
 770               	.L33:
 771               	.LM110:
 772 05c2 80E0      		ldi r24,lo8(0)
 773 05c4 90E0      		ldi r25,hi8(0)
 774 05c6 60E0      		ldi r22,lo8(0)
 775 05c8 70E0      		ldi r23,hi8(0)
 776 05ca 4FEF      		ldi r20,lo8(-1)
 777 05cc 0E94 0000 		call printcxyd
 778               	.L34:
 779               	.LM111:
 780 05d0 6091 0000 		lds r22,data_top
 781 05d4 7091 0000 		lds r23,(data_top)+1
 782 05d8 6330      		cpi r22,3
 783 05da 7105      		cpc r23,__zero_reg__
 784 05dc 04F0      		brlt .L35
 785 05de C0E0      		ldi r28,lo8(0)
 786 05e0 D0E0      		ldi r29,hi8(0)
 787               	.LVL10:
 788 05e2 00C0      		rjmp .L36
 789               	.LVL11:
 790               	.L35:
 791 05e4 EB01      		movw r28,r22
 792               	.LVL12:
 793 05e6 C095      		com r28
 794 05e8 D095      		com r29
 795 05ea 2496      		adiw r28,4
 796               	.L36:
 797 05ec 012F      		mov r16,r17
 798 05ee 10E0      		ldi r17,lo8(0)
 799               	.LVL13:
 800 05f0 0C1B      		sub r16,r28
 801 05f2 1D0B      		sbc r17,r29
 802 05f4 00C0      		rjmp .L37
 803               	.L40:
 804               	.LM112:
 805 05f6 8091 0000 		lds r24,data_top
 806 05fa 9091 0000 		lds r25,(data_top)+1
 807 05fe 0817      		cp r16,r24
 808 0600 1907      		cpc r17,r25
 809 0602 01F0      		breq .L38
 810               	.LM113:
 811 0604 C801      		movw r24,r16
 812 0606 0E94 0000 		call r_record
 813               	.LM114:
 814 060a 802F      		mov r24,r16
 815 060c 6C2F      		mov r22,r28
 816 060e 0E94 0000 		call vykresli_radek
 817 0612 00C0      		rjmp .L39
 818               	.L38:
 819               	.LM115:
 820 0614 4091 0000 		lds r20,menu_pridat
 821 0618 5091 0000 		lds r21,(menu_pridat)+1
 822 061c CE01      		movw r24,r28
 823 061e 65E0      		ldi r22,lo8(5)
 824 0620 70E0      		ldi r23,hi8(5)
 825 0622 0E94 0000 		call printxyd
 826               	.L39:
 827               	.LM116:
 828 0626 2196      		adiw r28,1
 829 0628 0150      		subi r16,lo8(-(-1))
 830 062a 1040      		sbci r17,hi8(-(-1))
 831               	.L37:
 832 062c C430      		cpi r28,4
 833 062e D105      		cpc r29,__zero_reg__
 834 0630 04F0      		brlt .L40
 835               	/* epilogue start */
 836               	.LBE17:
 837               	.LBE16:
 838               	.LM117:
 839 0632 DF91      		pop r29
 840 0634 CF91      		pop r28
 841               	.LVL14:
 842 0636 1F91      		pop r17
 843 0638 0F91      		pop r16
 844 063a 0895      		ret
 845               	.LFE3:
 847               	.global	control_ok
 849               	control_ok:
 850               	.LFB9:
 851               	.LM118:
 852               	/* prologue: function */
 853               	/* frame size = 0 */
 854               	.LM119:
 855 063c 0E94 0000 		call ok_scr
 856 0640 2FEF      		ldi r18,hi8(-1)
 857 0642 8F3F      		cpi r24,lo8(-1)
 858 0644 9207      		cpc r25,r18
 859 0646 01F0      		breq .L44
 860 0648 0197      		sbiw r24,1
 861 064a 01F4      		brne .L47
 862 064c 00C0      		rjmp .L48
 863               	.L44:
 864               	.LM120:
 865 064e 1092 0000 		sts dat_scr_status,__zero_reg__
 866               	.LM121:
 867 0652 0E94 0000 		call data_scr_draw
 868 0656 0895      		ret
 869               	.L48:
 870               	.LM122:
 871 0658 1092 0000 		sts dat_scr_status,__zero_reg__
 872               	.LM123:
 873 065c 8091 0000 		lds r24,prohlizeny
 874 0660 90E0      		ldi r25,lo8(0)
 875 0662 0E94 0000 		call dat_del_record
 876               	.LBB18:
 877               	.LBB19:
 878               	.LM124:
 879 0666 8091 0000 		lds r24,data_top
 880 066a 9091 0000 		lds r25,(data_top)+1
 881 066e 1816      		cp __zero_reg__,r24
 882 0670 1906      		cpc __zero_reg__,r25
 883 0672 04F4      		brge .L46
 884 0674 8091 0000 		lds r24,prohlizeny
 885 0678 8823      		tst r24
 886 067a 01F0      		breq .L46
 887               	.LM125:
 888 067c 8150      		subi r24,lo8(-(-1))
 889 067e 8093 0000 		sts prohlizeny,r24
 890               	.L46:
 891               	.LBE19:
 892               	.LBE18:
 893               	.LM126:
 894 0682 0E94 0000 		call data_scr_draw
 895               	.L47:
 896 0686 0895      		ret
 897               	.LFE9:
 899               		.data
 900               	.LC0:
 901 0000 2569 00   		.string	"%i"
 902               	.LC1:
 903 0003 626C 6265 		.string	"blbe"
 903      00
 904               	.LC2:
 905 0008 2532 692E 		.string	"%2i.%02i"
 905      2530 3269 
 905      00
 906               	.LC3:
 907 0011 2532 692E 		.string	"%2i.%01i"
 907      2530 3169 
 907      00
 908               		.text
 909               	.global	data_scr_control
 911               	data_scr_control:
 912               	.LFB6:
 913               	.LM127:
 914 0688 BF92      		push r11
 915 068a CF92      		push r12
 916 068c DF92      		push r13
 917 068e EF92      		push r14
 918 0690 FF92      		push r15
 919 0692 0F93      		push r16
 920 0694 1F93      		push r17
 921 0696 DF93      		push r29
 922 0698 CF93      		push r28
 923 069a CDB7      		in r28,__SP_L__
 924 069c DEB7      		in r29,__SP_H__
 925 069e 2C97      		sbiw r28,12
 926 06a0 0FB6      		in __tmp_reg__,__SREG__
 927 06a2 F894      		cli
 928 06a4 DEBF      		out __SP_H__,r29
 929 06a6 0FBE      		out __SREG__,__tmp_reg__
 930 06a8 CDBF      		out __SP_L__,r28
 931               	/* prologue: function */
 932               	/* frame size = 12 */
 933               	.LM128:
 934 06aa 8091 0000 		lds r24,dat_scr_status
 935 06ae 8230      		cpi r24,lo8(2)
 936 06b0 01F4      		brne .+2
 937 06b2 00C0      		rjmp .L52
 938 06b4 8330      		cpi r24,lo8(3)
 939 06b6 00F4      		brsh .L55
 940 06b8 8130      		cpi r24,lo8(1)
 941 06ba 01F0      		breq .+2
 942 06bc 00C0      		rjmp .L50
 943 06be 00C0      		rjmp .L117
 944               	.L55:
 945 06c0 8330      		cpi r24,lo8(3)
 946 06c2 01F4      		brne .+2
 947 06c4 00C0      		rjmp .L53
 948 06c6 8430      		cpi r24,lo8(4)
 949 06c8 01F0      		breq .+2
 950 06ca 00C0      		rjmp .L50
 951 06cc 00C0      		rjmp .L118
 952               	.L117:
 953               	.LBB42:
 954               	.LM129:
 955 06ce 0E94 0000 		call get_char
 956               	.LBB43:
 957 06d2 8823      		tst r24
 958 06d4 01F0      		breq .+2
 959 06d6 00C0      		rjmp .L104
 960               	.LBE43:
 961               	.LM130:
 962 06d8 0E94 0000 		call get_spec
 963               	.LBB48:
 964 06dc 8823      		tst r24
 965               	.LVL15:
 966 06de 01F4      		brne .+2
 967 06e0 00C0      		rjmp .L104
 968               	.LM131:
 969 06e2 8830      		cpi r24,lo8(8)
 970 06e4 01F0      		breq .L61
 971 06e6 8930      		cpi r24,lo8(9)
 972 06e8 00F4      		brsh .L65
 973 06ea 8430      		cpi r24,lo8(4)
 974 06ec 01F0      		breq .L58
 975 06ee 8530      		cpi r24,lo8(5)
 976 06f0 00F4      		brsh .L66
 977 06f2 8230      		cpi r24,lo8(2)
 978 06f4 01F0      		breq .+2
 979 06f6 00C0      		rjmp .L104
 980 06f8 00C0      		rjmp .L119
 981               	.L66:
 982 06fa 8530      		cpi r24,lo8(5)
 983 06fc 01F4      		brne .+2
 984 06fe 00C0      		rjmp .L59
 985 0700 8730      		cpi r24,lo8(7)
 986 0702 01F0      		breq .+2
 987 0704 00C0      		rjmp .L104
 988 0706 00C0      		rjmp .L60
 989               	.L65:
 990 0708 8B30      		cpi r24,lo8(11)
 991 070a 01F4      		brne .+2
 992 070c 00C0      		rjmp .L90
 993 070e 8C30      		cpi r24,lo8(12)
 994 0710 00F4      		brsh .L67
 995 0712 8930      		cpi r24,lo8(9)
 996 0714 01F4      		brne .+2
 997 0716 00C0      		rjmp .L60
 998 0718 8A30      		cpi r24,lo8(10)
 999 071a 01F0      		breq .+2
 1000 071c 00C0      		rjmp .L104
 1001 071e 00C0      		rjmp .L61
 1002               	.L67:
 1003 0720 8531      		cpi r24,lo8(21)
 1004 0722 01F4      		brne .+2
 1005 0724 00C0      		rjmp .L91
 1006 0726 8631      		cpi r24,lo8(22)
 1007 0728 01F0      		breq .+2
 1008 072a 00C0      		rjmp .L104
 1009 072c 00C0      		rjmp .L92
 1010               	.L119:
 1011               	.LM132:
 1012 072e 0E94 0000 		call menu_close
 1013               	.LVL16:
 1014 0732 00C0      		rjmp .L104
 1015               	.LVL17:
 1016               	.L61:
 1017               	.LBE48:
 1018               	.LM133:
 1019 0734 80E0      		ldi r24,lo8(menu)
 1020 0736 90E0      		ldi r25,hi8(menu)
 1021               	.LVL18:
 1022 0738 6091 0000 		lds r22,menu_i
 1023 073c 47E0      		ldi r20,lo8(7)
 1024 073e 0E94 0000 		call menu_next_item
 1025 0742 00C0      		rjmp .L106
 1026               	.LVL19:
 1027               	.L58:
 1028               	.LBB49:
 1029               	.LM134:
 1030 0744 6091 0000 		lds r22,menu_i
 1031 0748 6530      		cpi r22,lo8(5)
 1032 074a 01F4      		brne .L68
 1033               	.LBB46:
 1034               	.LM135:
 1035 074c 85E0      		ldi r24,lo8(5)
 1036 074e 90E0      		ldi r25,hi8(5)
 1037               	.LVL20:
 1038 0750 0E94 0000 		call mmalloc
 1039               	.LBB47:
 1040 0754 8C01      		movw r16,r24
 1041               	.LM136:
 1042 0756 0097      		sbiw r24,0
 1043               	.LVL21:
 1044 0758 01F4      		brne .+2
 1045 075a 00C0      		rjmp .L104
 1046               	.LM137:
 1047 075c 64E0      		ldi r22,lo8(4)
 1048 075e 0E94 0000 		call mezery
 1049               	.LVL22:
 1050               	.LM138:
 1051 0762 D801      		movw r26,r16
 1052               	.LVL23:
 1053 0764 1496      		adiw r26,4
 1054 0766 1C92      		st X,__zero_reg__
 1055               	.LM139:
 1056 0768 E091 0000 		lds r30,menu_i
 1057 076c F0E0      		ldi r31,lo8(0)
 1058 076e EE0F      		lsl r30
 1059 0770 FF1F      		rol r31
 1060 0772 E050      		subi r30,lo8(-(menu))
 1061 0774 F040      		sbci r31,hi8(-(menu))
 1062 0776 0190      		ld __tmp_reg__,Z+
 1063 0778 F081      		ld r31,Z
 1064 077a E02D      		mov r30,__tmp_reg__
 1065 077c 6081      		ld r22,Z
 1066 077e 8181      		ldd r24,Z+1
 1067 0780 90E0      		ldi r25,lo8(0)
 1068 0782 70E0      		ldi r23,lo8(0)
 1069 0784 A801      		movw r20,r16
 1070 0786 0E94 0000 		call read_line_init
 1071               	.LM140:
 1072 078a 83E0      		ldi r24,lo8(3)
 1073 078c 8093 0000 		sts dat_scr_status,r24
 1074               	.LM141:
 1075 0790 E091 0000 		lds r30,menu_i
 1076 0794 F0E0      		ldi r31,lo8(0)
 1077 0796 EE0F      		lsl r30
 1078 0798 FF1F      		rol r31
 1079 079a E050      		subi r30,lo8(-(menu))
 1080 079c F040      		sbci r31,hi8(-(menu))
 1081 079e 0190      		ld __tmp_reg__,Z+
 1082 07a0 F081      		ld r31,Z
 1083 07a2 E02D      		mov r30,__tmp_reg__
 1084 07a4 8181      		ldd r24,Z+1
 1085 07a6 90E0      		ldi r25,lo8(0)
 1086 07a8 62E2      		ldi r22,lo8(34)
 1087 07aa 70E0      		ldi r23,hi8(34)
 1088 07ac 00C0      		rjmp .L107
 1089               	.LVL24:
 1090               	.L68:
 1091               	.LBE47:
 1092               	.LBE46:
 1093               	.LM142:
 1094 07ae 6630      		cpi r22,lo8(6)
 1095 07b0 01F4      		brne .L69
 1096               	.LBB44:
 1097               	.LM143:
 1098 07b2 85E0      		ldi r24,lo8(5)
 1099 07b4 90E0      		ldi r25,hi8(5)
 1100               	.LVL25:
 1101 07b6 0E94 0000 		call mmalloc
 1102               	.LBB45:
 1103 07ba 8C01      		movw r16,r24
 1104               	.LM144:
 1105 07bc 0097      		sbiw r24,0
 1106               	.LVL26:
 1107 07be 01F4      		brne .+2
 1108 07c0 00C0      		rjmp .L104
 1109               	.LM145:
 1110 07c2 64E0      		ldi r22,lo8(4)
 1111 07c4 0E94 0000 		call mezery
 1112               	.LVL27:
 1113               	.LM146:
 1114 07c8 F801      		movw r30,r16
 1115               	.LVL28:
 1116 07ca 1482      		std Z+4,__zero_reg__
 1117               	.LM147:
 1118 07cc E091 0000 		lds r30,menu_i
 1119 07d0 F0E0      		ldi r31,lo8(0)
 1120 07d2 EE0F      		lsl r30
 1121 07d4 FF1F      		rol r31
 1122 07d6 E050      		subi r30,lo8(-(menu))
 1123 07d8 F040      		sbci r31,hi8(-(menu))
 1124 07da 0190      		ld __tmp_reg__,Z+
 1125 07dc F081      		ld r31,Z
 1126 07de E02D      		mov r30,__tmp_reg__
 1127 07e0 6081      		ld r22,Z
 1128 07e2 8181      		ldd r24,Z+1
 1129 07e4 90E0      		ldi r25,lo8(0)
 1130 07e6 70E0      		ldi r23,lo8(0)
 1131 07e8 A801      		movw r20,r16
 1132 07ea 0E94 0000 		call read_line_init
 1133               	.LM148:
 1134 07ee 84E0      		ldi r24,lo8(4)
 1135 07f0 8093 0000 		sts dat_scr_status,r24
 1136               	.LM149:
 1137 07f4 E091 0000 		lds r30,menu_i
 1138 07f8 F0E0      		ldi r31,lo8(0)
 1139 07fa EE0F      		lsl r30
 1140 07fc FF1F      		rol r31
 1141 07fe E050      		subi r30,lo8(-(menu))
 1142 0800 F040      		sbci r31,hi8(-(menu))
 1143 0802 0190      		ld __tmp_reg__,Z+
 1144 0804 F081      		ld r31,Z
 1145 0806 E02D      		mov r30,__tmp_reg__
 1146 0808 8181      		ldd r24,Z+1
 1147 080a 90E0      		ldi r25,lo8(0)
 1148 080c 67E2      		ldi r22,lo8(39)
 1149 080e 70E0      		ldi r23,hi8(39)
 1150               	.LVL29:
 1151               	.L107:
 1152 0810 40E2      		ldi r20,lo8(32)
 1153 0812 0E94 0000 		call printcxyd
 1154 0816 00C0      		rjmp .L104
 1155               	.LVL30:
 1156               	.L69:
 1157               	.LBE45:
 1158               	.LBE44:
 1159               	.LM150:
 1160 0818 80E0      		ldi r24,lo8(menu)
 1161 081a 90E0      		ldi r25,hi8(menu)
 1162               	.LVL31:
 1163 081c 0E94 0000 		call menu_next_value
 1164 0820 00C0      		rjmp .L104
 1165               	.LVL32:
 1166               	.L60:
 1167               	.LBE49:
 1168               	.LM151:
 1169 0822 80E0      		ldi r24,lo8(menu)
 1170 0824 90E0      		ldi r25,hi8(menu)
 1171               	.LVL33:
 1172 0826 6091 0000 		lds r22,menu_i
 1173 082a 47E0      		ldi r20,lo8(7)
 1174 082c 0E94 0000 		call menu_prev_item
 1175               	.L106:
 1176               	.LBB50:
 1177 0830 8093 0000 		sts menu_i,r24
 1178 0834 00C0      		rjmp .L104
 1179               	.LVL34:
 1180               	.L59:
 1181               	.LM152:
 1182 0836 0E94 0000 		call menu_close
 1183               	.LVL35:
 1184 083a 00C0      		rjmp .L103
 1185               	.L52:
 1186               	.LBE50:
 1187               	.LBE42:
 1188               	.LM153:
 1189 083c 0E94 0000 		call control_ok
 1190 0840 00C0      		rjmp .L104
 1191               	.L53:
 1192               	.LBB51:
 1193               	.LBB52:
 1194               	.LM154:
 1195 0842 9091 0000 		lds r25,prohlizeny
 1196 0846 9430      		cpi r25,lo8(4)
 1197 0848 00F0      		brlo .L70
 1198 084a BB24      		clr r11
 1199               	.LVL36:
 1200 084c 00C0      		rjmp .L71
 1201               	.LVL37:
 1202               	.L70:
 1203               	.LM155:
 1204 084e B82E      		mov r11,r24
 1205               	.LVL38:
 1206 0850 B91A      		sub r11,r25
 1207               	.L71:
 1208               	.LBE52:
 1209               	.LM156:
 1210 0852 0E94 0000 		call read_line
 1211 0856 6C01      		movw r12,r24
 1212               	.LVL39:
 1213               	.LBB54:
 1214 0858 0097      		sbiw r24,0
 1215 085a 01F4      		brne .+2
 1216 085c 00C0      		rjmp .L104
 1217               	.LVL40:
 1218               	.LM157:
 1219 085e DC01      		movw r26,r24
 1220 0860 8C91      		ld r24,X
 1221               	.LVL41:
 1222 0862 8823      		tst r24
 1223 0864 01F4      		brne .+2
 1224 0866 00C0      		rjmp .L72
 1225               	.LBE54:
 1226               	.LM158:
 1227 0868 82E0      		ldi r24,lo8(2)
 1228 086a 90E0      		ldi r25,hi8(2)
 1229 086c 0E94 0000 		call mmalloc
 1230 0870 F82E      		mov r15,r24
 1231 0872 E92E      		mov r14,r25
 1232               	.LM159:
 1233 0874 00D0      		rcall .
 1234 0876 00D0      		rcall .
 1235 0878 00D0      		rcall .
 1236 087a EDB7      		in r30,__SP_L__
 1237 087c FEB7      		in r31,__SP_H__
 1238 087e 3196      		adiw r30,1
 1239 0880 ADB7      		in r26,__SP_L__
 1240 0882 BEB7      		in r27,__SP_H__
 1241 0884 1296      		adiw r26,1+1
 1242 0886 DC92      		st X,r13
 1243 0888 CE92      		st -X,r12
 1244 088a 1197      		sbiw r26,1
 1245 088c 80E0      		ldi r24,lo8(.LC0)
 1246 088e 90E0      		ldi r25,hi8(.LC0)
 1247 0890 9383      		std Z+3,r25
 1248 0892 8283      		std Z+2,r24
 1249 0894 CE01      		movw r24,r28
 1250 0896 0196      		adiw r24,1
 1251 0898 9583      		std Z+5,r25
 1252 089a 8483      		std Z+4,r24
 1253 089c 0E94 0000 		call sscanf
 1254               	.LBB55:
 1255               	.LBB53:
 1256 08a0 EDB7      		in r30,__SP_L__
 1257 08a2 FEB7      		in r31,__SP_H__
 1258 08a4 3696      		adiw r30,6
 1259 08a6 0FB6      		in __tmp_reg__,__SREG__
 1260 08a8 F894      		cli
 1261 08aa FEBF      		out __SP_H__,r31
 1262 08ac 0FBE      		out __SREG__,__tmp_reg__
 1263 08ae EDBF      		out __SP_L__,r30
 1264 08b0 892B      		or r24,r25
 1265 08b2 01F4      		brne .L73
 1266               	.LM160:
 1267 08b4 81E0      		ldi r24,lo8(1)
 1268 08b6 90E0      		ldi r25,hi8(1)
 1269 08b8 6EE1      		ldi r22,lo8(30)
 1270 08ba 70E0      		ldi r23,hi8(30)
 1271 08bc 40E0      		ldi r20,lo8(.LC1)
 1272 08be 50E0      		ldi r21,hi8(.LC1)
 1273 08c0 0E94 0000 		call printxyd
 1274 08c4 00C0      		rjmp .L80
 1275               	.L73:
 1276               	.LM161:
 1277 08c6 0F2D      		mov r16,r15
 1278               	.LVL42:
 1279 08c8 1E2D      		mov r17,r14
 1280               	.LVL43:
 1281               	.LM162:
 1282 08ca 2981      		ldd r18,Y+1
 1283 08cc 3A81      		ldd r19,Y+2
 1284               	.LVL44:
 1285 08ce 8DB7      		in r24,__SP_L__
 1286 08d0 9EB7      		in r25,__SP_H__
 1287 08d2 0897      		sbiw r24,8
 1288 08d4 0FB6      		in __tmp_reg__,__SREG__
 1289 08d6 F894      		cli
 1290 08d8 9EBF      		out __SP_H__,r25
 1291 08da 0FBE      		out __SREG__,__tmp_reg__
 1292 08dc 8DBF      		out __SP_L__,r24
 1293 08de EDB7      		in r30,__SP_L__
 1294 08e0 FEB7      		in r31,__SP_H__
 1295 08e2 3196      		adiw r30,1
 1296 08e4 43E0      		ldi r20,lo8(3)
 1297 08e6 E42E      		mov r14,r20
 1298 08e8 F12C      		mov r15,__zero_reg__
 1299 08ea EC0E      		add r14,r28
 1300 08ec FD1E      		adc r15,r29
 1301 08ee ADB7      		in r26,__SP_L__
 1302 08f0 BEB7      		in r27,__SP_H__
 1303 08f2 1296      		adiw r26,1+1
 1304 08f4 FC92      		st X,r15
 1305 08f6 EE92      		st -X,r14
 1306 08f8 1197      		sbiw r26,1
 1307 08fa 80E0      		ldi r24,lo8(.LC2)
 1308 08fc 90E0      		ldi r25,hi8(.LC2)
 1309 08fe 9383      		std Z+3,r25
 1310 0900 8283      		std Z+2,r24
 1311 0902 C901      		movw r24,r18
 1312 0904 64E6      		ldi r22,lo8(100)
 1313 0906 70E0      		ldi r23,hi8(100)
 1314 0908 0E94 0000 		call __divmodhi4
 1315 090c 7583      		std Z+5,r23
 1316 090e 6483      		std Z+4,r22
 1317 0910 C901      		movw r24,r18
 1318 0912 64E6      		ldi r22,lo8(100)
 1319 0914 70E0      		ldi r23,hi8(100)
 1320 0916 0E94 0000 		call __divmodhi4
 1321 091a 9783      		std Z+7,r25
 1322 091c 8683      		std Z+6,r24
 1323 091e 0E94 0000 		call sprintf
 1324               	.LM163:
 1325 0922 EDB7      		in r30,__SP_L__
 1326 0924 FEB7      		in r31,__SP_H__
 1327 0926 3896      		adiw r30,8
 1328 0928 0FB6      		in __tmp_reg__,__SREG__
 1329 092a F894      		cli
 1330 092c FEBF      		out __SP_H__,r31
 1331 092e 0FBE      		out __SREG__,__tmp_reg__
 1332 0930 EDBF      		out __SP_L__,r30
 1333 0932 8B2D      		mov r24,r11
 1334 0934 90E0      		ldi r25,lo8(0)
 1335 0936 6EE1      		ldi r22,lo8(30)
 1336 0938 70E0      		ldi r23,hi8(30)
 1337 093a A701      		movw r20,r14
 1338 093c 0E94 0000 		call printxyd
 1339               	.LM164:
 1340 0940 8981      		ldd r24,Y+1
 1341 0942 9A81      		ldd r25,Y+2
 1342 0944 D801      		movw r26,r16
 1343 0946 8D93      		st X+,r24
 1344 0948 9C93      		st X,r25
 1345               	.LM165:
 1346 094a E091 0000 		lds r30,menu+10
 1347 094e F091 0000 		lds r31,(menu+10)+1
 1348 0952 00C0      		rjmp .L113
 1349               	.LVL45:
 1350               	.L72:
 1351               	.LBE53:
 1352               	.LM166:
 1353 0954 E091 0000 		lds r30,menu+10
 1354 0958 F091 0000 		lds r31,(menu+10)+1
 1355 095c 00C0      		rjmp .L111
 1356               	.LVL46:
 1357               	.L118:
 1358               	.LBE55:
 1359               	.LBE51:
 1360               	.LBB56:
 1361               	.LBB57:
 1362               	.LM167:
 1363 095e 8091 0000 		lds r24,prohlizeny
 1364 0962 8430      		cpi r24,lo8(4)
 1365 0964 00F0      		brlo .L76
 1366 0966 BB24      		clr r11
 1367               	.LVL47:
 1368 0968 00C0      		rjmp .L77
 1369               	.LVL48:
 1370               	.L76:
 1371               	.LM168:
 1372 096a 93E0      		ldi r25,lo8(3)
 1373 096c B92E      		mov r11,r25
 1374               	.LVL49:
 1375 096e B81A      		sub r11,r24
 1376               	.L77:
 1377               	.LBE57:
 1378               	.LM169:
 1379 0970 0E94 0000 		call read_line
 1380 0974 6C01      		movw r12,r24
 1381               	.LVL50:
 1382               	.LBB59:
 1383 0976 0097      		sbiw r24,0
 1384 0978 01F4      		brne .+2
 1385 097a 00C0      		rjmp .L104
 1386               	.LVL51:
 1387               	.LM170:
 1388 097c FC01      		movw r30,r24
 1389 097e 8081      		ld r24,Z
 1390               	.LVL52:
 1391 0980 8823      		tst r24
 1392 0982 01F4      		brne .+2
 1393 0984 00C0      		rjmp .L78
 1394               	.LBE59:
 1395               	.LM171:
 1396 0986 82E0      		ldi r24,lo8(2)
 1397 0988 90E0      		ldi r25,hi8(2)
 1398 098a 0E94 0000 		call mmalloc
 1399 098e 7C01      		movw r14,r24
 1400               	.LM172:
 1401 0990 00D0      		rcall .
 1402 0992 00D0      		rcall .
 1403 0994 00D0      		rcall .
 1404 0996 EDB7      		in r30,__SP_L__
 1405 0998 FEB7      		in r31,__SP_H__
 1406 099a 3196      		adiw r30,1
 1407 099c ADB7      		in r26,__SP_L__
 1408 099e BEB7      		in r27,__SP_H__
 1409 09a0 1296      		adiw r26,1+1
 1410 09a2 DC92      		st X,r13
 1411 09a4 CE92      		st -X,r12
 1412 09a6 1197      		sbiw r26,1
 1413 09a8 80E0      		ldi r24,lo8(.LC0)
 1414 09aa 90E0      		ldi r25,hi8(.LC0)
 1415 09ac 9383      		std Z+3,r25
 1416 09ae 8283      		std Z+2,r24
 1417 09b0 CE01      		movw r24,r28
 1418 09b2 0196      		adiw r24,1
 1419 09b4 9583      		std Z+5,r25
 1420 09b6 8483      		std Z+4,r24
 1421 09b8 0E94 0000 		call sscanf
 1422               	.LBB60:
 1423               	.LBB58:
 1424 09bc EDB7      		in r30,__SP_L__
 1425 09be FEB7      		in r31,__SP_H__
 1426 09c0 3696      		adiw r30,6
 1427 09c2 0FB6      		in __tmp_reg__,__SREG__
 1428 09c4 F894      		cli
 1429 09c6 FEBF      		out __SP_H__,r31
 1430 09c8 0FBE      		out __SREG__,__tmp_reg__
 1431 09ca EDBF      		out __SP_L__,r30
 1432 09cc 892B      		or r24,r25
 1433 09ce 01F4      		brne .L79
 1434               	.LM173:
 1435 09d0 84E6      		ldi r24,lo8(100)
 1436 09d2 0E94 0000 		call new_error
 1437 09d6 00C0      		rjmp .L80
 1438               	.L79:
 1439               	.LM174:
 1440 09d8 8701      		movw r16,r14
 1441               	.LM175:
 1442 09da 2981      		ldd r18,Y+1
 1443 09dc 3A81      		ldd r19,Y+2
 1444               	.LVL53:
 1445 09de 8DB7      		in r24,__SP_L__
 1446 09e0 9EB7      		in r25,__SP_H__
 1447 09e2 0897      		sbiw r24,8
 1448 09e4 0FB6      		in __tmp_reg__,__SREG__
 1449 09e6 F894      		cli
 1450 09e8 9EBF      		out __SP_H__,r25
 1451 09ea 0FBE      		out __SREG__,__tmp_reg__
 1452 09ec 8DBF      		out __SP_L__,r24
 1453 09ee EDB7      		in r30,__SP_L__
 1454 09f0 FEB7      		in r31,__SP_H__
 1455 09f2 3196      		adiw r30,1
 1456 09f4 83E0      		ldi r24,lo8(3)
 1457 09f6 E82E      		mov r14,r24
 1458 09f8 F12C      		mov r15,__zero_reg__
 1459 09fa EC0E      		add r14,r28
 1460 09fc FD1E      		adc r15,r29
 1461 09fe ADB7      		in r26,__SP_L__
 1462 0a00 BEB7      		in r27,__SP_H__
 1463 0a02 1296      		adiw r26,1+1
 1464 0a04 FC92      		st X,r15
 1465 0a06 EE92      		st -X,r14
 1466 0a08 1197      		sbiw r26,1
 1467 0a0a 80E0      		ldi r24,lo8(.LC3)
 1468 0a0c 90E0      		ldi r25,hi8(.LC3)
 1469 0a0e 9383      		std Z+3,r25
 1470 0a10 8283      		std Z+2,r24
 1471 0a12 C901      		movw r24,r18
 1472 0a14 6AE0      		ldi r22,lo8(10)
 1473 0a16 70E0      		ldi r23,hi8(10)
 1474 0a18 0E94 0000 		call __divmodhi4
 1475 0a1c 7583      		std Z+5,r23
 1476 0a1e 6483      		std Z+4,r22
 1477 0a20 C901      		movw r24,r18
 1478 0a22 6AE0      		ldi r22,lo8(10)
 1479 0a24 70E0      		ldi r23,hi8(10)
 1480 0a26 0E94 0000 		call __divmodhi4
 1481 0a2a 9783      		std Z+7,r25
 1482 0a2c 8683      		std Z+6,r24
 1483 0a2e 0E94 0000 		call sprintf
 1484               	.LM176:
 1485 0a32 EDB7      		in r30,__SP_L__
 1486 0a34 FEB7      		in r31,__SP_H__
 1487 0a36 3896      		adiw r30,8
 1488 0a38 0FB6      		in __tmp_reg__,__SREG__
 1489 0a3a F894      		cli
 1490 0a3c FEBF      		out __SP_H__,r31
 1491 0a3e 0FBE      		out __SREG__,__tmp_reg__
 1492 0a40 EDBF      		out __SP_L__,r30
 1493 0a42 8B2D      		mov r24,r11
 1494 0a44 90E0      		ldi r25,lo8(0)
 1495 0a46 64E2      		ldi r22,lo8(36)
 1496 0a48 70E0      		ldi r23,hi8(36)
 1497 0a4a A701      		movw r20,r14
 1498 0a4c 0E94 0000 		call printxyd
 1499               	.LM177:
 1500 0a50 8981      		ldd r24,Y+1
 1501 0a52 9A81      		ldd r25,Y+2
 1502 0a54 D801      		movw r26,r16
 1503               	.LVL54:
 1504 0a56 8D93      		st X+,r24
 1505 0a58 9C93      		st X,r25
 1506               	.LM178:
 1507 0a5a E091 0000 		lds r30,menu+12
 1508 0a5e F091 0000 		lds r31,(menu+12)+1
 1509               	.LVL55:
 1510               	.L113:
 1511 0a62 1483      		std Z+4,r17
 1512 0a64 0383      		std Z+3,r16
 1513               	.L80:
 1514               	.LM179:
 1515 0a66 C601      		movw r24,r12
 1516               	.LVL56:
 1517 0a68 0E94 0000 		call free
 1518 0a6c 00C0      		rjmp .L81
 1519               	.LVL57:
 1520               	.L78:
 1521               	.LBE58:
 1522               	.LM180:
 1523 0a6e E091 0000 		lds r30,menu+12
 1524 0a72 F091 0000 		lds r31,(menu+12)+1
 1525               	.LVL58:
 1526               	.L111:
 1527 0a76 1482      		std Z+4,__zero_reg__
 1528 0a78 1382      		std Z+3,__zero_reg__
 1529               	.LVL59:
 1530               	.L81:
 1531               	.LM181:
 1532 0a7a 81E0      		ldi r24,lo8(1)
 1533 0a7c 00C0      		rjmp .L109
 1534               	.LVL60:
 1535               	.L50:
 1536               	.LBE60:
 1537               	.LBE56:
 1538               	.LBB61:
 1539               	.LM182:
 1540 0a7e 0E94 0000 		call get_char
 1541               	.LBB62:
 1542 0a82 8823      		tst r24
 1543               	.LVL61:
 1544 0a84 01F0      		breq .L82
 1545               	.LM183:
 1546 0a86 8032      		cpi r24,lo8(32)
 1547 0a88 01F0      		breq .+2
 1548 0a8a 00C0      		rjmp .L104
 1549 0a8c 00C0      		rjmp .L85
 1550               	.L82:
 1551               	.LBE62:
 1552               	.LM184:
 1553 0a8e 0E94 0000 		call get_spec
 1554               	.LVL62:
 1555               	.LBB72:
 1556 0a92 8823      		tst r24
 1557               	.LVL63:
 1558 0a94 01F4      		brne .+2
 1559 0a96 00C0      		rjmp .L104
 1560               	.LM185:
 1561 0a98 8830      		cpi r24,lo8(8)
 1562 0a9a 01F0      		breq .L85
 1563 0a9c 8930      		cpi r24,lo8(9)
 1564 0a9e 00F4      		brsh .L93
 1565 0aa0 8530      		cpi r24,lo8(5)
 1566 0aa2 01F4      		brne .+2
 1567 0aa4 00C0      		rjmp .L87
 1568 0aa6 8630      		cpi r24,lo8(6)
 1569 0aa8 00F4      		brsh .L94
 1570 0aaa 8230      		cpi r24,lo8(2)
 1571 0aac 01F0      		breq .L85
 1572 0aae 8430      		cpi r24,lo8(4)
 1573 0ab0 01F0      		breq .+2
 1574 0ab2 00C0      		rjmp .L104
 1575 0ab4 00C0      		rjmp .L120
 1576               	.L94:
 1577 0ab6 8630      		cpi r24,lo8(6)
 1578 0ab8 01F4      		brne .+2
 1579 0aba 00C0      		rjmp .L88
 1580 0abc 8730      		cpi r24,lo8(7)
 1581 0abe 01F0      		breq .+2
 1582 0ac0 00C0      		rjmp .L104
 1583 0ac2 00C0      		rjmp .L89
 1584               	.L93:
 1585 0ac4 8B30      		cpi r24,lo8(11)
 1586 0ac6 01F4      		brne .+2
 1587 0ac8 00C0      		rjmp .L90
 1588 0aca 8C30      		cpi r24,lo8(12)
 1589 0acc 00F4      		brsh .L95
 1590 0ace 8930      		cpi r24,lo8(9)
 1591 0ad0 01F4      		brne .+2
 1592 0ad2 00C0      		rjmp .L89
 1593 0ad4 8A30      		cpi r24,lo8(10)
 1594 0ad6 01F0      		breq .+2
 1595 0ad8 00C0      		rjmp .L104
 1596 0ada 00C0      		rjmp .L85
 1597               	.L95:
 1598 0adc 8531      		cpi r24,lo8(21)
 1599 0ade 01F4      		brne .+2
 1600 0ae0 00C0      		rjmp .L91
 1601 0ae2 8631      		cpi r24,lo8(22)
 1602 0ae4 01F4      		brne .+2
 1603 0ae6 00C0      		rjmp .L92
 1604 0ae8 8C30      		cpi r24,lo8(12)
 1605 0aea 01F0      		breq .+2
 1606 0aec 00C0      		rjmp .L104
 1607 0aee 00C0      		rjmp .L87
 1608               	.L85:
 1609               	.LBB63:
 1610               	.LBB64:
 1611               	.LM186:
 1612 0af0 8091 0000 		lds r24,data_top
 1613 0af4 9091 0000 		lds r25,(data_top)+1
 1614               	.LVL64:
 1615 0af8 1816      		cp __zero_reg__,r24
 1616 0afa 1906      		cpc __zero_reg__,r25
 1617 0afc 04F0      		brlt .+2
 1618 0afe 00C0      		rjmp .L103
 1619 0b00 8091 0000 		lds r24,prohlizeny
 1620 0b04 8823      		tst r24
 1621 0b06 01F4      		brne .+2
 1622 0b08 00C0      		rjmp .L103
 1623               	.LM187:
 1624 0b0a 8150      		subi r24,lo8(-(-1))
 1625 0b0c 00C0      		rjmp .L110
 1626               	.LVL65:
 1627               	.L120:
 1628               	.LBE64:
 1629               	.LBE63:
 1630               	.LBB65:
 1631               	.LBB66:
 1632               	.LM188:
 1633 0b0e 1092 0000 		sts menu_i,__zero_reg__
 1634               	.LM189:
 1635 0b12 81E0      		ldi r24,lo8(1)
 1636               	.LVL66:
 1637 0b14 8093 0000 		sts dat_scr_status,r24
 1638               	.LM190:
 1639 0b18 2091 0000 		lds r18,prohlizeny
 1640 0b1c 2430      		cpi r18,lo8(4)
 1641 0b1e 00F0      		brlo .L97
 1642 0b20 EE24      		clr r14
 1643               	.LVL67:
 1644 0b22 00C0      		rjmp .L98
 1645               	.LVL68:
 1646               	.L97:
 1647               	.LM191:
 1648 0b24 B3E0      		ldi r27,lo8(3)
 1649 0b26 EB2E      		mov r14,r27
 1650               	.LVL69:
 1651 0b28 E21A      		sub r14,r18
 1652               	.L98:
 1653               	.LM192:
 1654 0b2a 422F      		mov r20,r18
 1655 0b2c 50E0      		ldi r21,lo8(0)
 1656 0b2e 8091 0000 		lds r24,data_top
 1657 0b32 9091 0000 		lds r25,(data_top)+1
 1658 0b36 4817      		cp r20,r24
 1659 0b38 5907      		cpc r21,r25
 1660 0b3a 01F0      		breq .+2
 1661 0b3c 00C0      		rjmp .L99
 1662               	.LM193:
 1663 0b3e 2223      		tst r18
 1664 0b40 01F4      		brne .L100
 1665               	.LBE66:
 1666               	.LM194:
 1667 0b42 0E94 0000 		call get_stored_menu_jmena_i
 1668               	.LBB67:
 1669 0b46 E82F      		mov r30,r24
 1670 0b48 F0E0      		ldi r31,lo8(0)
 1671 0b4a EE0F      		lsl r30
 1672 0b4c FF1F      		rol r31
 1673 0b4e E050      		subi r30,lo8(-(m_jmena))
 1674 0b50 F040      		sbci r31,hi8(-(m_jmena))
 1675 0b52 8081      		ld r24,Z
 1676 0b54 9181      		ldd r25,Z+1
 1677 0b56 892B      		or r24,r25
 1678 0b58 01F0      		breq .L101
 1679               	.LBE67:
 1680               	.LM195:
 1681 0b5a 0E94 0000 		call get_stored_menu_jmena_i
 1682               	.LBB68:
 1683 0b5e 8093 0000 		sts data_zakaznik,r24
 1684               	.LM196:
 1685 0b62 1092 0000 		sts data_druh_dreva,__zero_reg__
 1686               	.LM197:
 1687 0b66 1092 0000 		sts data_operace,__zero_reg__
 1688               	.LM198:
 1689 0b6a 1092 0000 		sts (data_delka)+1,__zero_reg__
 1690 0b6e 1092 0000 		sts data_delka,__zero_reg__
 1691               	.LM199:
 1692 0b72 1092 0000 		sts (data_prumer)+1,__zero_reg__
 1693 0b76 1092 0000 		sts data_prumer,__zero_reg__
 1694               	.LM200:
 1695 0b7a 60E0      		ldi r22,lo8(0)
 1696 0b7c 40E0      		ldi r20,lo8(0)
 1697 0b7e 20E0      		ldi r18,lo8(0)
 1698 0b80 30E0      		ldi r19,hi8(0)
 1699 0b82 00E0      		ldi r16,lo8(0)
 1700 0b84 10E0      		ldi r17,hi8(0)
 1701 0b86 00C0      		rjmp .L105
 1702               	.L101:
 1703               	.LM201:
 1704 0b88 8EE5      		ldi r24,lo8(94)
 1705 0b8a 0E94 0000 		call new_error
 1706 0b8e 00C0      		rjmp .L102
 1707               	.L100:
 1708               	.LM202:
 1709 0b90 CA01      		movw r24,r20
 1710 0b92 0197      		sbiw r24,1
 1711 0b94 0E94 0000 		call r_record
 1712               	.LM203:
 1713 0b98 2091 0000 		lds r18,data_delka
 1714 0b9c 3091 0000 		lds r19,(data_delka)+1
 1715 0ba0 0091 0000 		lds r16,data_prumer
 1716 0ba4 1091 0000 		lds r17,(data_prumer)+1
 1717 0ba8 8091 0000 		lds r24,data_zakaznik
 1718 0bac 6091 0000 		lds r22,data_druh_dreva
 1719 0bb0 4091 0000 		lds r20,data_operace
 1720               	.L105:
 1721 0bb4 0E94 0000 		call new_record
 1722               	.LBE68:
 1723               	.LM204:
 1724 0bb8 80E0      		ldi r24,lo8(str_buf)
 1725 0bba 90E0      		ldi r25,hi8(str_buf)
 1726 0bbc 68E0      		ldi r22,lo8(8)
 1727 0bbe 0E94 0000 		call mezery
 1728 0bc2 AC01      		movw r20,r24
 1729               	.LBB69:
 1730 0bc4 8E2D      		mov r24,r14
 1731 0bc6 90E0      		ldi r25,lo8(0)
 1732 0bc8 64E0      		ldi r22,lo8(4)
 1733 0bca 70E0      		ldi r23,hi8(4)
 1734 0bcc 0E94 0000 		call printxyd
 1735               	.LM205:
 1736 0bd0 8091 0000 		lds r24,data_top
 1737 0bd4 8150      		subi r24,lo8(-(-1))
 1738 0bd6 6E2D      		mov r22,r14
 1739 0bd8 0E94 0000 		call vykresli_radek
 1740 0bdc 00C0      		rjmp .L102
 1741               	.L99:
 1742               	.LM206:
 1743 0bde 822F      		mov r24,r18
 1744 0be0 90E0      		ldi r25,lo8(0)
 1745 0be2 0E94 0000 		call r_record
 1746               	.L102:
 1747               	.LM207:
 1748 0be6 E091 0000 		lds r30,menu
 1749 0bea F091 0000 		lds r31,(menu)+1
 1750 0bee E182      		std Z+1,r14
 1751               	.LM208:
 1752 0bf0 E091 0000 		lds r30,menu+2
 1753 0bf4 F091 0000 		lds r31,(menu+2)+1
 1754 0bf8 E182      		std Z+1,r14
 1755               	.LM209:
 1756 0bfa E091 0000 		lds r30,menu+4
 1757 0bfe F091 0000 		lds r31,(menu+4)+1
 1758 0c02 E182      		std Z+1,r14
 1759               	.LM210:
 1760 0c04 E091 0000 		lds r30,menu+6
 1761 0c08 F091 0000 		lds r31,(menu+6)+1
 1762 0c0c E182      		std Z+1,r14
 1763               	.LM211:
 1764 0c0e E091 0000 		lds r30,menu+8
 1765 0c12 F091 0000 		lds r31,(menu+8)+1
 1766 0c16 E182      		std Z+1,r14
 1767               	.LM212:
 1768 0c18 E091 0000 		lds r30,menu+10
 1769 0c1c F091 0000 		lds r31,(menu+10)+1
 1770 0c20 E182      		std Z+1,r14
 1771               	.LM213:
 1772 0c22 E091 0000 		lds r30,menu+12
 1773 0c26 F091 0000 		lds r31,(menu+12)+1
 1774 0c2a E182      		std Z+1,r14
 1775               	.LM214:
 1776 0c2c E091 0000 		lds r30,menu
 1777 0c30 F091 0000 		lds r31,(menu)+1
 1778 0c34 8091 0000 		lds r24,data_zakaznik
 1779 0c38 8583      		std Z+5,r24
 1780               	.LM215:
 1781 0c3a E091 0000 		lds r30,menu+2
 1782 0c3e F091 0000 		lds r31,(menu+2)+1
 1783 0c42 8091 0000 		lds r24,data_druh_dreva
 1784 0c46 8583      		std Z+5,r24
 1785               	.LM216:
 1786 0c48 E091 0000 		lds r30,menu+4
 1787 0c4c F091 0000 		lds r31,(menu+4)+1
 1788 0c50 8091 0000 		lds r24,data_operace
 1789 0c54 8695      		lsr r24
 1790 0c56 8695      		lsr r24
 1791 0c58 8695      		lsr r24
 1792 0c5a 8170      		andi r24,lo8(1)
 1793 0c5c 8583      		std Z+5,r24
 1794               	.LM217:
 1795 0c5e E091 0000 		lds r30,menu+6
 1796 0c62 F091 0000 		lds r31,(menu+6)+1
 1797 0c66 8091 0000 		lds r24,data_operace
 1798 0c6a 8695      		lsr r24
 1799 0c6c 8370      		andi r24,lo8(3)
 1800 0c6e 8583      		std Z+5,r24
 1801               	.LM218:
 1802 0c70 E091 0000 		lds r30,menu+8
 1803 0c74 F091 0000 		lds r31,(menu+8)+1
 1804 0c78 8091 0000 		lds r24,data_operace
 1805 0c7c 8170      		andi r24,lo8(1)
 1806 0c7e 8583      		std Z+5,r24
 1807               	.LM219:
 1808 0c80 8E2D      		mov r24,r14
 1809 0c82 90E0      		ldi r25,lo8(0)
 1810 0c84 64E0      		ldi r22,lo8(4)
 1811 0c86 70E0      		ldi r23,hi8(4)
 1812 0c88 4FEF      		ldi r20,lo8(-1)
 1813 0c8a 0E94 0000 		call printcxyd
 1814               	.LM220:
 1815 0c8e 8E2D      		mov r24,r14
 1816 0c90 90E0      		ldi r25,lo8(0)
 1817 0c92 60E0      		ldi r22,lo8(0)
 1818 0c94 70E0      		ldi r23,hi8(0)
 1819 0c96 00C0      		rjmp .L107
 1820               	.LVL70:
 1821               	.L88:
 1822               	.LBE69:
 1823               	.LBE65:
 1824               	.LM221:
 1825 0c98 8091 0000 		lds r24,prohlizeny
 1826               	.LVL71:
 1827 0c9c 90E0      		ldi r25,lo8(0)
 1828 0c9e 2091 0000 		lds r18,data_top
 1829 0ca2 3091 0000 		lds r19,(data_top)+1
 1830 0ca6 8217      		cp r24,r18
 1831 0ca8 9307      		cpc r25,r19
 1832 0caa 01F0      		breq .L104
 1833               	.LM222:
 1834 0cac 0E94 0000 		call clear_dscreen
 1835               	.LM223:
 1836 0cb0 80E0      		ldi r24,lo8(s_smazat_mereni)
 1837 0cb2 90E0      		ldi r25,hi8(s_smazat_mereni)
 1838 0cb4 0E94 0000 		call ok_scr_init
 1839               	.LM224:
 1840 0cb8 82E0      		ldi r24,lo8(2)
 1841               	.LVL72:
 1842               	.L109:
 1843 0cba 8093 0000 		sts dat_scr_status,r24
 1844 0cbe 00C0      		rjmp .L104
 1845               	.LVL73:
 1846               	.L89:
 1847               	.LBB70:
 1848               	.LBB71:
 1849               	.LM225:
 1850 0cc0 2091 0000 		lds r18,data_top
 1851 0cc4 3091 0000 		lds r19,(data_top)+1
 1852 0cc8 1216      		cp __zero_reg__,r18
 1853 0cca 1306      		cpc __zero_reg__,r19
 1854 0ccc 04F4      		brge .L103
 1855 0cce 8091 0000 		lds r24,prohlizeny
 1856               	.LVL74:
 1857 0cd2 8217      		cp r24,r18
 1858 0cd4 00F4      		brsh .L103
 1859               	.LM226:
 1860 0cd6 8F5F      		subi r24,lo8(-(1))
 1861               	.L110:
 1862 0cd8 8093 0000 		sts prohlizeny,r24
 1863               	.LVL75:
 1864               	.L103:
 1865               	.LBE71:
 1866               	.LBE70:
 1867               	.LM227:
 1868 0cdc 0E94 0000 		call data_scr_draw
 1869               	.LVL76:
 1870 0ce0 00C0      		rjmp .L104
 1871               	.LVL77:
 1872               	.L87:
 1873               	.LM228:
 1874 0ce2 80E0      		ldi r24,lo8(0)
 1875               	.LVL78:
 1876 0ce4 00C0      		rjmp .L108
 1877               	.LVL79:
 1878               	.L90:
 1879               	.LM229:
 1880 0ce6 82E0      		ldi r24,lo8(2)
 1881               	.LVL80:
 1882               	.L108:
 1883 0ce8 0E94 0000 		call scr_ch
 1884 0cec 00C0      		rjmp .L104
 1885               	.LVL81:
 1886               	.L91:
 1887               	.LM230:
 1888 0cee 0E94 0000 		call kf_zrusit
 1889               	.LVL82:
 1890 0cf2 00C0      		rjmp .L104
 1891               	.LVL83:
 1892               	.L92:
 1893               	.LM231:
 1894 0cf4 0E94 0000 		call send_data
 1895               	.LVL84:
 1896               	.L104:
 1897               	/* epilogue start */
 1898               	.LBE72:
 1899               	.LBE61:
 1900               	.LM232:
 1901 0cf8 2C96      		adiw r28,12
 1902 0cfa 0FB6      		in __tmp_reg__,__SREG__
 1903 0cfc F894      		cli
 1904 0cfe DEBF      		out __SP_H__,r29
 1905 0d00 0FBE      		out __SREG__,__tmp_reg__
 1906 0d02 CDBF      		out __SP_L__,r28
 1907 0d04 CF91      		pop r28
 1908 0d06 DF91      		pop r29
 1909 0d08 1F91      		pop r17
 1910               	.LVL85:
 1911 0d0a 0F91      		pop r16
 1912               	.LVL86:
 1913 0d0c FF90      		pop r15
 1914 0d0e EF90      		pop r14
 1915               	.LVL87:
 1916 0d10 DF90      		pop r13
 1917 0d12 CF90      		pop r12
 1918               	.LVL88:
 1919 0d14 BF90      		pop r11
 1920               	.LVL89:
 1921 0d16 0895      		ret
 1922               	.LFE6:
 1924               		.data
 1925               	.LC4:
 1926 001a 00        		.string	""
 1929               	m_dalsi:
 1930 001b 0000      		.word	.LC4
 1931 001d 0000 0000 		.skip 4,0
 1934               	m_manipulace:
 1935 0021 0000      		.word	.LC4
 1936 0023 0000      		.skip 2,0
 1937               		.lcomm dat_scr_status,1
 1938               		.lcomm prohlizeny,1
 1939               		.lcomm menu_i,1
 1940               		.section	.progmem.data,"a",@progbits
 1943               	smrk:
 1944 0000 536D 726B 		.string	"Smrk"
 1944      00
 1947               	boro_k:
 1948 0005 426F 724B 		.string	"BorK"
 1948      00
 1951               	boro_b:
 1952 000a 426F 7242 		.string	"BorB"
 1952      00
 1955               	buk:
 1956 000f 4275 6B20 		.string	"Buk "
 1956      00
 1959               	dub:
 1960 0014 4475 6220 		.string	"Dub "
 1960      00
 1963               	n1:
 1964 0019 3100      		.string	"1"
 1967               	n2:
 1968 001b 3200      		.string	"2"
 1971               	ctyr:
 1972 001d 7361 6D6F 		.string	"samo"
 1972      00
 1975               	paso:
 1976 0022 7061 736F 		.string	"paso"
 1976      00
 1979               	man:
 1980 0027 6D61 6E00 		.string	"man"
 1983               	s_smazat_mereni:
 1984 002b 200A 2020 		.string	" \n  Opravdu chcete odstranit mereni?"
 1984      4F70 7261 
 1984      7664 7520 
 1984      6368 6365 
 1984      7465 206F 
 1985               		.lcomm menu,14
 1986               		.lcomm m_drevo,10
 1987               		.lcomm m_katrem,4
 1988               		.comm m_jmena,34,1
 1989               		.comm akt_scr,1,1
 1990               		.comm menu_pridat,2,1
 1991               		.comm p_akt_screen,2,1
 1992               		.comm default_screen,160,1
 1993               		.comm data_msg,11,1
 1994               		.comm str_buf,41,1
 1995               		.comm data_delka,2,1
 1996               		.comm data_zakaznik,1,1
 1997               		.comm data_prumer,2,1
 1998               		.comm data_druh_dreva,1,1
 1999               		.comm data_operace,1,1
 2000               		.comm data_top,2,1
 2001               		.comm prumer_v,2,1
 2002               		.comm prumer_h,2,1
 2003               		.comm msr_prumer_v,2,1
 2004               		.comm msr_prumer_h,2,1
 2005               		.comm msr_prumer,2,1
 2006               		.comm msr_delka,2,1
 2007               		.comm msr_objem,2,1
 2008               		.comm msr_status,1,1
 2009               		.comm width_src,1,1
 2106               	.Letext0:
DEFINED SYMBOLS
                            *ABS*:00000000 dat_scr.c
C:\Users\mjirik\AppData\Local\Temp/ccYkGgeA.s:2      *ABS*:0000003f __SREG__
C:\Users\mjirik\AppData\Local\Temp/ccYkGgeA.s:3      *ABS*:0000003e __SP_H__
C:\Users\mjirik\AppData\Local\Temp/ccYkGgeA.s:4      *ABS*:0000003d __SP_L__
C:\Users\mjirik\AppData\Local\Temp/ccYkGgeA.s:5      *ABS*:00000034 __CCP__
C:\Users\mjirik\AppData\Local\Temp/ccYkGgeA.s:6      *ABS*:00000000 __tmp_reg__
C:\Users\mjirik\AppData\Local\Temp/ccYkGgeA.s:7      *ABS*:00000001 __zero_reg__
C:\Users\mjirik\AppData\Local\Temp/ccYkGgeA.s:18     .text:00000000 data_up
                            *COM*:00000002 data_top
C:\Users\mjirik\AppData\Local\Temp/ccYkGgeA.s:1937   .bss:00000001 prohlizeny
C:\Users\mjirik\AppData\Local\Temp/ccYkGgeA.s:41     .text:0000001e data_down
C:\Users\mjirik\AppData\Local\Temp/ccYkGgeA.s:64     .text:0000003c data_scr_init
C:\Users\mjirik\AppData\Local\Temp/ccYkGgeA.s:75     .text:0000003e menu_close
C:\Users\mjirik\AppData\Local\Temp/ccYkGgeA.s:1939   .bss:00000003 menu
                            *COM*:00000002 data_delka
                            *COM*:00000002 data_prumer
                             .bss:00000000 dat_scr_status
C:\Users\mjirik\AppData\Local\Temp/ccYkGgeA.s:1938   .bss:00000002 menu_i
C:\Users\mjirik\AppData\Local\Temp/ccYkGgeA.s:227    .text:0000016e data_scr_close
C:\Users\mjirik\AppData\Local\Temp/ccYkGgeA.s:1985   .bss:00000011 m_drevo
C:\Users\mjirik\AppData\Local\Temp/ccYkGgeA.s:1986   .bss:0000001b m_katrem
C:\Users\mjirik\AppData\Local\Temp/ccYkGgeA.s:1929   .data:0000001b m_dalsi
C:\Users\mjirik\AppData\Local\Temp/ccYkGgeA.s:1934   .data:00000021 m_manipulace
C:\Users\mjirik\AppData\Local\Temp/ccYkGgeA.s:319    .text:0000022a data_scr_open
C:\Users\mjirik\AppData\Local\Temp/ccYkGgeA.s:1943   .progmem.data:00000000 smrk
C:\Users\mjirik\AppData\Local\Temp/ccYkGgeA.s:1947   .progmem.data:00000005 boro_k
C:\Users\mjirik\AppData\Local\Temp/ccYkGgeA.s:1951   .progmem.data:0000000a boro_b
C:\Users\mjirik\AppData\Local\Temp/ccYkGgeA.s:1955   .progmem.data:0000000f buk
C:\Users\mjirik\AppData\Local\Temp/ccYkGgeA.s:1959   .progmem.data:00000014 dub
C:\Users\mjirik\AppData\Local\Temp/ccYkGgeA.s:1963   .progmem.data:00000019 n1
C:\Users\mjirik\AppData\Local\Temp/ccYkGgeA.s:1967   .progmem.data:0000001b n2
C:\Users\mjirik\AppData\Local\Temp/ccYkGgeA.s:1971   .progmem.data:0000001d ctyr
C:\Users\mjirik\AppData\Local\Temp/ccYkGgeA.s:1975   .progmem.data:00000022 paso
C:\Users\mjirik\AppData\Local\Temp/ccYkGgeA.s:1979   .progmem.data:00000027 man
                            *COM*:00000022 m_jmena
C:\Users\mjirik\AppData\Local\Temp/ccYkGgeA.s:524    .text:000003dc vykresli_radek
                            *COM*:00000029 str_buf
                            *COM*:00000001 data_zakaznik
                            *COM*:00000001 data_druh_dreva
                            *COM*:00000001 data_operace
C:\Users\mjirik\AppData\Local\Temp/ccYkGgeA.s:729    .text:00000580 data_scr_draw
                            *COM*:00000001 akt_scr
                            *COM*:00000002 menu_pridat
C:\Users\mjirik\AppData\Local\Temp/ccYkGgeA.s:849    .text:0000063c control_ok
C:\Users\mjirik\AppData\Local\Temp/ccYkGgeA.s:911    .text:00000688 data_scr_control
C:\Users\mjirik\AppData\Local\Temp/ccYkGgeA.s:1983   .progmem.data:0000002b s_smazat_mereni
                            *COM*:00000002 p_akt_screen
                            *COM*:000000a0 default_screen
                            *COM*:0000000b data_msg
                            *COM*:00000002 prumer_v
                            *COM*:00000002 prumer_h
                            *COM*:00000002 msr_prumer_v
                            *COM*:00000002 msr_prumer_h
                            *COM*:00000002 msr_prumer
                            *COM*:00000002 msr_delka
                            *COM*:00000002 msr_objem
                            *COM*:00000001 msr_status
                            *COM*:00000001 width_src

UNDEFINED SYMBOLS
r_record
w_record
printcxyd
free
read_line_kill
getstr_P
new_menu_item
int2strn
printxyd
__udivmodhi4
clear_dscreen
ok_scr
dat_del_record
get_char
get_spec
menu_next_item
mmalloc
mezery
read_line_init
menu_next_value
menu_prev_item
read_line
sscanf
__divmodhi4
sprintf
new_error
get_stored_menu_jmena_i
new_record
ok_scr_init
scr_ch
kf_zrusit
send_data
__do_copy_data
__do_clear_bss
